{
  "RSpec": {
    "coverage": {
      "/Users/paulbrescia/Dropbox/launchacademy/car_listing/app/controllers/manufacturers_controller.rb": [
        1,
        1,
        2,
        null,
        null,
        1,
        3,
        3,
        null,
        null,
        1,
        2,
        null,
        null,
        1,
        2,
        null,
        2,
        2,
        2,
        null,
        0,
        0,
        null,
        null,
        null,
        1,
        1,
        2,
        null,
        null
      ],
      "/Users/paulbrescia/Dropbox/launchacademy/car_listing/app/controllers/application_controller.rb": [
        1,
        null,
        null,
        1,
        null
      ],
      "/Users/paulbrescia/Dropbox/launchacademy/car_listing/app/models/manufacturer.rb": [
        1,
        1,
        1,
        null,
        1,
        null
      ],
      "/Users/paulbrescia/Dropbox/launchacademy/car_listing/app/models/car.rb": [
        1,
        1,
        1,
        1,
        1,
        1,
        null,
        1,
        null
      ],
      "/Users/paulbrescia/Dropbox/launchacademy/car_listing/app/controllers/cars_controller.rb": [
        1,
        1,
        1,
        1,
        1,
        null,
        1,
        1,
        1,
        null,
        0,
        0,
        null,
        null,
        null,
        1,
        null,
        1,
        1,
        null,
        null,
        null
      ]
    },
    "timestamp": 1412607401
  }
}
